<?xml version="1.0" encoding="UTF-8"?>
<!-- Generated by org.testng.reporters.JUnitXMLReporter -->
<testsuite hostname="GS-5241" ignored="3" name="Default test" tests="1" failures="0" timestamp="2020-03-18T23:16:20 IST" time="38.856" errors="0">
  <testcase name="TC_validatedeleteUser" time="16.298" classname="com.task.automation.test.HomeScreen"/>
  <testcase name="TC_validateWelcomeMessage" time="0.0" classname="com.task.automation.test.HomeScreen">
    <ignored/>
  </testcase> <!-- TC_validateWelcomeMessage -->
  <testcase name="TC_validatecreateUser" time="0.0" classname="com.task.automation.test.HomeScreen">
    <ignored/>
  </testcase> <!-- TC_validatecreateUser -->
  <testcase name="TC_validateoptions" time="0.0" classname="com.task.automation.test.HomeScreen">
    <ignored/>
  </testcase> <!-- TC_validateoptions -->
</testsuite> <!-- Default test -->
